0 info it worked if it ends with ok
1 verbose cli [ 'node',
1 verbose cli   '/usr/local/bin/npm',
1 verbose cli   'install',
1 verbose cli   '-g',
1 verbose cli   'express-redis-cache' ]
2 info using npm@1.4.28
3 info using node@v0.10.32
4 verbose cache add [ 'express-redis-cache', null ]
5 verbose cache add name=undefined spec="express-redis-cache" args=["express-redis-cache",null]
6 verbose parsed url { protocol: null,
6 verbose parsed url   slashes: null,
6 verbose parsed url   auth: null,
6 verbose parsed url   host: null,
6 verbose parsed url   port: null,
6 verbose parsed url   hostname: null,
6 verbose parsed url   hash: null,
6 verbose parsed url   search: null,
6 verbose parsed url   query: null,
6 verbose parsed url   pathname: 'express-redis-cache',
6 verbose parsed url   path: 'express-redis-cache',
6 verbose parsed url   href: 'express-redis-cache' }
7 silly lockFile bc2829a5-express-redis-cache express-redis-cache
8 verbose lock express-redis-cache /Users/Jayadeva/.npm/bc2829a5-express-redis-cache.lock
9 silly lockFile bc2829a5-express-redis-cache express-redis-cache
10 silly lockFile bc2829a5-express-redis-cache express-redis-cache
11 verbose addNamed [ 'express-redis-cache', '' ]
12 verbose addNamed [ null, '*' ]
13 silly lockFile 95855c9e-express-redis-cache express-redis-cache@
14 verbose lock express-redis-cache@ /Users/Jayadeva/.npm/95855c9e-express-redis-cache.lock
15 silly addNameRange { name: 'express-redis-cache', range: '*', hasData: false }
16 verbose request where is /express-redis-cache
17 verbose request registry https://registry.npmjs.org/
18 verbose request id 20c7b8c0e3972811
19 verbose url raw /express-redis-cache
20 verbose url resolving [ 'https://registry.npmjs.org/', './express-redis-cache' ]
21 verbose url resolved https://registry.npmjs.org/express-redis-cache
22 verbose request where is https://registry.npmjs.org/express-redis-cache
23 info trying registry request attempt 1 at 21:04:19
24 http GET https://registry.npmjs.org/express-redis-cache
25 http 200 https://registry.npmjs.org/express-redis-cache
26 silly registry.get cb [ 200,
26 silly registry.get   { date: 'Sun, 23 Nov 2014 05:04:20 GMT',
26 silly registry.get     server: 'CouchDB/1.5.0 (Erlang OTP/R16B03)',
26 silly registry.get     etag: '"8TLMWTUKW1H424K5GK8TE0XMN"',
26 silly registry.get     'content-type': 'application/json',
26 silly registry.get     'cache-control': 'max-age=60',
26 silly registry.get     'content-length': '13595',
26 silly registry.get     'accept-ranges': 'bytes',
26 silly registry.get     via: '1.1 varnish',
26 silly registry.get     age: '0',
26 silly registry.get     'x-served-by': 'cache-lax1428-LAX',
26 silly registry.get     'x-cache': 'MISS',
26 silly registry.get     'x-cache-hits': '0',
26 silly registry.get     'x-timer': 'S1416719059.696159,VS0,VE378',
26 silly registry.get     vary: 'Accept',
26 silly registry.get     'keep-alive': 'timeout=10, max=50',
26 silly registry.get     connection: 'Keep-Alive' } ]
27 silly addNameRange number 2 { name: 'express-redis-cache', range: '*', hasData: true }
28 silly addNameRange versions [ 'express-redis-cache',
28 silly addNameRange   [ '0.0.2', '0.0.3', '0.0.5', '0.0.6', '0.0.7', '0.0.8' ] ]
29 verbose addNamed [ 'express-redis-cache', '0.0.8' ]
30 verbose addNamed [ '0.0.8', '0.0.8' ]
31 silly lockFile 35f202dc-express-redis-cache-0-0-8 express-redis-cache@0.0.8
32 verbose lock express-redis-cache@0.0.8 /Users/Jayadeva/.npm/35f202dc-express-redis-cache-0-0-8.lock
33 silly lockFile 611d3079-he-express-redis-cache-0-0-8-tgz https://registry.npmjs.org/express-redis-cache/-/express-redis-cache-0.0.8.tgz
34 verbose lock https://registry.npmjs.org/express-redis-cache/-/express-redis-cache-0.0.8.tgz /Users/Jayadeva/.npm/611d3079-he-express-redis-cache-0-0-8-tgz.lock
35 verbose addRemoteTarball [ 'https://registry.npmjs.org/express-redis-cache/-/express-redis-cache-0.0.8.tgz',
35 verbose addRemoteTarball   'b7dd0d3c66c87589fe31a7b9962157b5f733f053' ]
36 info retry fetch attempt 1 at 21:04:20
37 verbose fetch to= /var/folders/0p/k8jdqwks5r9_lngjqctkmbbh0000gp/T/npm-25302-5ZkOgx0m/registry.npmjs.org/express-redis-cache/-/express-redis-cache-0.0.8.tgz
38 http GET https://registry.npmjs.org/express-redis-cache/-/express-redis-cache-0.0.8.tgz
39 http 200 https://registry.npmjs.org/express-redis-cache/-/express-redis-cache-0.0.8.tgz
40 silly lockFile 611d3079-he-express-redis-cache-0-0-8-tgz https://registry.npmjs.org/express-redis-cache/-/express-redis-cache-0.0.8.tgz
41 silly lockFile 611d3079-he-express-redis-cache-0-0-8-tgz https://registry.npmjs.org/express-redis-cache/-/express-redis-cache-0.0.8.tgz
42 silly lockFile 35f202dc-express-redis-cache-0-0-8 express-redis-cache@0.0.8
43 silly lockFile 35f202dc-express-redis-cache-0-0-8 express-redis-cache@0.0.8
44 silly lockFile 95855c9e-express-redis-cache express-redis-cache@
45 silly lockFile 95855c9e-express-redis-cache express-redis-cache@
46 silly resolved [ { name: 'express-redis-cache',
46 silly resolved     version: '0.0.8',
46 silly resolved     description: 'A module to make Express interact with Redis (create, get, delete). You can automatically cache all your most popular routes in Redis.',
46 silly resolved     main: 'index.js',
46 silly resolved     bin: { 'express-redis-cache': 'bin/express-redis-cache.js' },
46 silly resolved     scripts: { test: 'node test/test.js' },
46 silly resolved     repository:
46 silly resolved      { type: 'git',
46 silly resolved        url: 'https://github.com/co2-git/express-redis-cache.git' },
46 silly resolved     author: { name: 'francois vespa', email: 'francoisrvespa@gmail.com' },
46 silly resolved     license: 'BSD',
46 silly resolved     dependencies:
46 silly resolved      { async: '~0.9.0',
46 silly resolved        'body-parser': '~1.5.0',
46 silly resolved        colors: '~0.6.2',
46 silly resolved        express: '~4.6.1',
46 silly resolved        'method-override': '~2.1.1',
46 silly resolved        moment: '~2.7.0',
46 silly resolved        morgan: '~1.2.0',
46 silly resolved        redis: '^0.11.0',
46 silly resolved        request: '~2.37.0' },
46 silly resolved     directories: { test: 'test' },
46 silly resolved     config: { prefix: 'erc:' },
46 silly resolved     bugs: { url: 'https://github.com/co2-git/express-redis-cache/issues' },
46 silly resolved     _id: 'express-redis-cache@0.0.8',
46 silly resolved     dist:
46 silly resolved      { shasum: 'b7dd0d3c66c87589fe31a7b9962157b5f733f053',
46 silly resolved        tarball: 'http://registry.npmjs.org/express-redis-cache/-/express-redis-cache-0.0.8.tgz' },
46 silly resolved     _from: 'express-redis-cache@',
46 silly resolved     _npmVersion: '1.3.10',
46 silly resolved     _npmUser: { name: 'francoisv', email: 'francoisrvespa@gmail.com' },
46 silly resolved     maintainers: [ [Object] ],
46 silly resolved     _shasum: 'b7dd0d3c66c87589fe31a7b9962157b5f733f053',
46 silly resolved     _resolved: 'https://registry.npmjs.org/express-redis-cache/-/express-redis-cache-0.0.8.tgz' } ]
47 info install express-redis-cache@0.0.8 into /usr/local/lib
48 info installOne express-redis-cache@0.0.8
49 verbose lib/node_modules/express-redis-cache unbuild
50 verbose tar unpack /Users/Jayadeva/.npm/express-redis-cache/0.0.8/package.tgz
51 silly lockFile f5b2efbb-node-modules-express-redis-cache tar:///usr/local/lib/node_modules/express-redis-cache
52 verbose lock tar:///usr/local/lib/node_modules/express-redis-cache /Users/Jayadeva/.npm/f5b2efbb-node-modules-express-redis-cache.lock
53 silly lockFile f48ea403-ss-redis-cache-0-0-8-package-tgz tar:///Users/Jayadeva/.npm/express-redis-cache/0.0.8/package.tgz
54 verbose lock tar:///Users/Jayadeva/.npm/express-redis-cache/0.0.8/package.tgz /Users/Jayadeva/.npm/f48ea403-ss-redis-cache-0-0-8-package-tgz.lock
55 silly gunzTarPerm modes [ '755', '644' ]
56 error Error: EACCES, mkdir '/usr/local/lib/node_modules/express-redis-cache'
56 error  { [Error: EACCES, mkdir '/usr/local/lib/node_modules/express-redis-cache']
56 error   errno: 3,
56 error   code: 'EACCES',
56 error   path: '/usr/local/lib/node_modules/express-redis-cache',
56 error   fstream_type: 'Directory',
56 error   fstream_path: '/usr/local/lib/node_modules/express-redis-cache',
56 error   fstream_class: 'DirWriter',
56 error   fstream_stack:
56 error    [ '/usr/local/lib/node_modules/npm/node_modules/fstream/lib/dir-writer.js:36:23',
56 error      '/usr/local/lib/node_modules/npm/node_modules/mkdirp/index.js:46:53',
56 error      'Object.oncomplete (fs.js:107:15)' ] }
57 error Please try running this command again as root/Administrator.
58 error System Darwin 13.1.0
59 error command "node" "/usr/local/bin/npm" "install" "-g" "express-redis-cache"
60 error cwd /Users/Jayadeva/Desktop/redis
61 error node -v v0.10.32
62 error npm -v 1.4.28
63 error path /usr/local/lib/node_modules/express-redis-cache
64 error fstream_path /usr/local/lib/node_modules/express-redis-cache
65 error fstream_type Directory
66 error fstream_class DirWriter
67 error code EACCES
68 error errno 3
69 error stack Error: EACCES, mkdir '/usr/local/lib/node_modules/express-redis-cache'
70 error fstream_stack /usr/local/lib/node_modules/npm/node_modules/fstream/lib/dir-writer.js:36:23
70 error fstream_stack /usr/local/lib/node_modules/npm/node_modules/mkdirp/index.js:46:53
70 error fstream_stack Object.oncomplete (fs.js:107:15)
71 verbose exit [ 3, true ]
